#
# A fatal error has been detected by the Java Runtime Environment:
#
#  SIGBUS (0xa) at pc=0x00000001046b5c46, pid=2621, tid=0x0000000000005f3f
#
# JRE version: Java(TM) SE Runtime Environment (8.0_112-b16) (build 1.8.0_112-b16)
# Java VM: Java HotSpot(TM) 64-Bit Server VM (25.112-b16 mixed mode bsd-amd64 compressed oops)
# Problematic frame:
# V  [libjvm.dylib+0x534c46]  SymbolTable::lookup(int, char const*, int, unsigned int)+0x40
#
# Failed to write core dump. Core dumps have been disabled. To enable core dumping, try "ulimit -c unlimited" before starting Java again
#
# If you would like to submit a bug report, please visit:
#   http://bugreport.java.com/bugreport/crash.jsp
#

---------------  T H R E A D  ---------------

Current thread (0x00007f8e2a24e000):  JavaThread "SIGINT handler" daemon [_thread_in_vm, id=24383, stack(0x000070000175f000,0x000070000185f000)]

siginfo: si_signo: 10 (SIGBUS), si_code: 2 (BUS_ADRERR), si_addr: 0x00007f8e2b1d6138

Registers:
RAX=0x00000001051a5000, RBX=0x00007f8e2b1d6138, RCX=0x000000000000000a, RDX=0x00007f8e2f3aa8d8
RSP=0x000070000185d0b0, RBP=0x000070000185d0f0, RSI=0x0000000000003fcf, RDI=0x00007f8e2970f590
R8 =0x000000006b5b502c, R9 =0x00000000fff00000, R10=0x0000000000000010, R11=0x00007f8e2b800000
R12=0x00007f8e2f3aa8d8, R13=0x000000000000000a, R14=0x0000000000000000, R15=0x000000000000000a
RIP=0x00000001046b5c46, EFLAGS=0x0000000000010202, ERR=0x0000000000000004
  TRAPNO=0x000000000000000e

Top of Stack: (sp=0x000070000185d0b0)
0x000070000185d0b0:   ff80000000001000 00007f8e2970f590
0x000070000185d0c0:   6b5b502c0185d0f0 000070000185d7b0
0x000070000185d0d0:   000000000000000a 000000000000000a
0x000070000185d0e0:   00007f8e2f3aa8d8 00007f8e2a24e000
0x000070000185d0f0:   000070000185d250 00000001042fe5d1
0x000070000185d100:   0000000103f50000 0000000000000078
0x000070000185d110:   0000000000000007 00007f8e2f3aad60
0x000070000185d120:   000000000000008a 6b5b502c00000088
0x000070000185d130:   0000000000000000 000070000185d1b8
0x000070000185d140:   000070000185d180 00000001046059c4
0x000070000185d150:   00007f8e29501540 0000000000000078
0x000070000185d160:   00000001208d6e38 00007f8e2f3aad60
0x000070000185d170:   00000001208d6ed0 0000000000000078
0x000070000185d180:   000070000185d1a0 00000001043740aa
0x000070000185d190:   0000000000000078 00000001208d6ed0
0x000070000185d1a0:   000070000185d1f0 000000010435c351
0x000070000185d1b0:   000070000185d1e0 0000000000000000
0x000070000185d1c0:   000070000185d1f0 00007fff8bc40288
0x000070000185d1d0:   00007f8e2f3aa210 00007f8e2f3aad56
0x000070000185d1e0:   00007f8e2f3aa8e2 00007f8e29502160
0x000070000185d1f0:   000070000185d200 0000000104366b0f
0x000070000185d200:   00000001208d6e38 00000001208d6ed0
0x000070000185d210:   000000000000008a 00007f8e2970f480
0x000070000185d220:   000070000185d250 000070000185d7b0
0x000070000185d230:   0000000000000001 00007f8e2f3aad60
0x000070000185d240:   00007f8e2a24e000 00007f8e29416070
0x000070000185d250:   000070000185d3f0 0000000104307ffd
0x000070000185d260:   00007f8e2f3aad60 000070000185d680
0x000070000185d270:   0000008a00000000 0000000000000000
0x000070000185d280:   00000001208d6ed0 00007f8e2a24e000
0x000070000185d290:   0000000000000000 0000000000000000
0x000070000185d2a0:   0000000000000000 0000000000000000 

Instructions: (pc=0x00000001046b5c46)
0x00000001046b5c26:   89 45 d4 41 89 cf 49 89 d4 48 89 7d c8 eb 37 4c
0x00000001046b5c36:   89 ef e8 17 eb ff ff 4c 89 e8 eb 40 44 8b 45 d4
0x00000001046b5c46:   44 39 03 75 16 4c 8b 6b 10 4c 89 ef 4c 89 e6 44
0x00000001046b5c56:   89 fa e8 bb e9 ff ff 84 c0 75 d4 41 ff c6 48 8b 

Register to memory mapping:

RAX=0x00000001051a5000 is an unknown value
RBX=0x00007f8e2b1d6138 is an unknown value
RCX=0x000000000000000a is an unknown value
RDX=0x00007f8e2f3aa8d8 is an unknown value
RSP=0x000070000185d0b0 is pointing into the stack for thread: 0x00007f8e2a24e000
RBP=0x000070000185d0f0 is pointing into the stack for thread: 0x00007f8e2a24e000
RSI=0x0000000000003fcf is an unknown value
RDI=0x00007f8e2970f590 is an unknown value
R8 =0x000000006b5b502c is an unknown value
R9 =0x00000000fff00000 is an unknown value
R10=0x0000000000000010 is an unknown value
R11=0x00007f8e2b800000 is an unknown value
R12=0x00007f8e2f3aa8d8 is an unknown value
R13=0x000000000000000a is an unknown value
R14=0x0000000000000000 is an unknown value
R15=0x000000000000000a is an unknown value


Stack: [0x000070000175f000,0x000070000185f000],  sp=0x000070000185d0b0,  free space=1016k
Native frames: (J=compiled Java code, j=interpreted, Vv=VM code, C=native code)
V  [libjvm.dylib+0x534c46]  SymbolTable::lookup(int, char const*, int, unsigned int)+0x40
V  [libjvm.dylib+0x17d5d1]  ClassFileParser::parse_constant_pool_entries(int, Thread*)+0x7f1
V  [libjvm.dylib+0x186ffd]  ClassFileParser::parse_constant_pool(Thread*)+0x129
V  [libjvm.dylib+0x18844c]  ClassFileParser::parseClassFile(Symbol*, ClassLoaderData*, Handle, KlassHandle, GrowableArray<Handle>*, TempNewSymbol&, bool, Thread*)+0x68c
V  [libjvm.dylib+0x18ad9b]  ClassLoader::load_classfile(Symbol*, Thread*)+0x245
V  [libjvm.dylib+0x53bfd1]  SystemDictionary::load_instance_class(Symbol*, Handle, Thread*)+0xf3
V  [libjvm.dylib+0x53b97e]  SystemDictionary::resolve_instance_class_or_null(Symbol*, Handle, Handle, Thread*)+0x484
V  [libjvm.dylib+0x53c3d2]  SystemDictionary::resolve_or_null(Symbol*, Handle, Handle, Thread*)+0x106
V  [libjvm.dylib+0x53ca85]  SystemDictionary::resolve_or_fail(Symbol*, Handle, Handle, bool, Thread*)+0x31
V  [libjvm.dylib+0x1e2b7e]  ConstantPool::klass_at_impl(constantPoolHandle, int, Thread*)+0x2ee
V  [libjvm.dylib+0x1f2f8e]  ConstantPool::klass_at(int, Thread*)+0x92
V  [libjvm.dylib+0x2e95f3]  InterpreterRuntime::_new(JavaThread*, ConstantPool*, int)+0x2d
j  java.util.IdentityHashMap.keySet()Ljava/util/Set;+9
j  java.lang.ApplicationShutdownHooks.runHooks()V+8
j  java.lang.ApplicationShutdownHooks$1.run()V+0
j  java.lang.Shutdown.runHooks()V+39
j  java.lang.Shutdown.sequence()V+26
j  java.lang.Shutdown.exit(I)V+95
j  java.lang.Terminator$1.handle(Lsun/misc/Signal;)V+8
j  sun.misc.Signal$1.run()V+8
j  java.lang.Thread.run()V+11
v  ~StubRoutines::call_stub
V  [libjvm.dylib+0x2edbd2]  JavaCalls::call_helper(JavaValue*, methodHandle*, JavaCallArguments*, Thread*)+0x6ae
V  [libjvm.dylib+0x2ee360]  JavaCalls::call_virtual(JavaValue*, KlassHandle, Symbol*, Symbol*, JavaCallArguments*, Thread*)+0x164
V  [libjvm.dylib+0x2ee50c]  JavaCalls::call_virtual(JavaValue*, Handle, KlassHandle, Symbol*, Symbol*, Thread*)+0x4a
V  [libjvm.dylib+0x348c59]  thread_entry(JavaThread*, Thread*)+0x7c
V  [libjvm.dylib+0x56b033]  JavaThread::thread_main_inner()+0x9b
V  [libjvm.dylib+0x56c720]  JavaThread::run()+0x1c2
V  [libjvm.dylib+0x48a7ae]  java_start(Thread*)+0xf6
C  [libsystem_pthread.dylib+0x3c13]  _pthread_body+0x83
C  [libsystem_pthread.dylib+0x3b90]  _pthread_body+0x0
C  [libsystem_pthread.dylib+0x1375]  thread_start+0xd
C  0x0000000000000000

Java frames: (J=compiled Java code, j=interpreted, Vv=VM code)
j  java.util.IdentityHashMap.keySet()Ljava/util/Set;+9
j  java.lang.ApplicationShutdownHooks.runHooks()V+8
j  java.lang.ApplicationShutdownHooks$1.run()V+0
j  java.lang.Shutdown.runHooks()V+39
j  java.lang.Shutdown.sequence()V+26
j  java.lang.Shutdown.exit(I)V+95
j  java.lang.Terminator$1.handle(Lsun/misc/Signal;)V+8
j  sun.misc.Signal$1.run()V+8
j  java.lang.Thread.run()V+11
v  ~StubRoutines::call_stub

---------------  P R O C E S S  ---------------

Java Threads: ( => current thread )
=>0x00007f8e2a24e000 JavaThread "SIGINT handler" daemon [_thread_in_vm, id=24383, stack(0x000070000175f000,0x000070000185f000)]
  0x00007f8e2f983000 JavaThread "http-nio-8080-exec-3" daemon [_thread_blocked, id=24587, stack(0x000070000165c000,0x000070000175c000)]
  0x00007f8e2f079000 JavaThread "http-nio-8080-exec-2" daemon [_thread_blocked, id=24083, stack(0x0000700000d3e000,0x0000700000e3e000)]
  0x00007f8e2b4ae800 JavaThread "http-nio-8080-exec-1" daemon [_thread_blocked, id=28419, stack(0x0000700001f77000,0x0000700002077000)]
  0x00007f8e2f1cb000 JavaThread "DestroyJavaVM" [_thread_blocked, id=5891, stack(0x000070000011a000,0x000070000021a000)]
  0x00007f8e2ddbf800 JavaThread "http-nio-8080-AsyncTimeout" daemon [_thread_blocked, id=27907, stack(0x0000700001e74000,0x0000700001f74000)]
  0x00007f8e2ddbe800 JavaThread "http-nio-8080-Acceptor-0" daemon [_thread_in_native, id=27395, stack(0x0000700001d71000,0x0000700001e71000)]
  0x00007f8e2dd55000 JavaThread "http-nio-8080-ClientPoller-1" daemon [_thread_in_native, id=26883, stack(0x0000700001c6e000,0x0000700001d6e000)]
  0x00007f8e29a49000 JavaThread "http-nio-8080-ClientPoller-0" daemon [_thread_in_native, id=26371, stack(0x0000700001b6b000,0x0000700001c6b000)]
  0x00007f8e2f922800 JavaThread "NioBlockingSelector.BlockPoller-1" daemon [_thread_in_native, id=25859, stack(0x0000700001a68000,0x0000700001b68000)]
  0x00007f8e2ac09000 JavaThread "container-0" [_thread_blocked, id=25347, stack(0x0000700001965000,0x0000700001a65000)]
  0x00007f8e2ac0b800 JavaThread "ContainerBackgroundProcessor[StandardEngine[Tomcat].StandardHost[localhost].StandardContext[]]" daemon [_thread_blocked, id=24835, stack(0x0000700001862000,0x0000700001962000)]
  0x00007f8e29860800 JavaThread "Monitor Ctrl-Break" daemon [_thread_in_native, id=22275, stack(0x0000700001559000,0x0000700001659000)]
  0x00007f8e2a828800 JavaThread "Service Thread" daemon [_thread_blocked, id=21251, stack(0x0000700001353000,0x0000700001453000)]
  0x00007f8e29848000 JavaThread "C1 CompilerThread3" daemon [_thread_blocked, id=20739, stack(0x0000700001250000,0x0000700001350000)]
  0x00007f8e2a82e800 JavaThread "C2 CompilerThread2" daemon [_thread_blocked, id=20227, stack(0x000070000114d000,0x000070000124d000)]
  0x00007f8e29847000 JavaThread "C2 CompilerThread1" daemon [_thread_blocked, id=19715, stack(0x000070000104a000,0x000070000114a000)]
  0x00007f8e2c824000 JavaThread "C2 CompilerThread0" daemon [_thread_blocked, id=19203, stack(0x0000700000f47000,0x0000700001047000)]
  0x00007f8e2c81f800 JavaThread "Signal Dispatcher" daemon [_thread_blocked, id=15887, stack(0x0000700000e44000,0x0000700000f44000)]
  0x00007f8e2c81e800 JavaThread "Finalizer" daemon [_thread_blocked, id=14339, stack(0x0000700000c3b000,0x0000700000d3b000)]
  0x00007f8e2c818800 JavaThread "Reference Handler" daemon [_thread_blocked, id=13827, stack(0x0000700000b38000,0x0000700000c38000)]

Other Threads:
  0x00007f8e2c813800 VMThread [stack: 0x0000700000a35000,0x0000700000b35000] [id=13315]
  0x00007f8e2b019000 WatcherThread [stack: 0x0000700001456000,0x0000700001556000] [id=21763]

VM state:not at safepoint (normal execution)

VM Mutex/Monitor currently owned by a thread: None

Heap:
 PSYoungGen      total 146944K, used 39250K [0x0000000795580000, 0x00000007a1d00000, 0x00000007c0000000)
  eden space 136704K, 28% used [0x0000000795580000,0x0000000797bd4a68,0x000000079db00000)
  from space 10240K, 0% used [0x000000079e780000,0x000000079e780000,0x000000079f180000)
  to   space 12800K, 0% used [0x000000079db00000,0x000000079db00000,0x000000079e780000)
 ParOldGen       total 104960K, used 21661K [0x0000000740000000, 0x0000000746680000, 0x0000000795580000)
  object space 104960K, 20% used [0x0000000740000000,0x0000000741527548,0x0000000746680000)
 Metaspace       used 37169K, capacity 37464K, committed 37672K, reserved 1083392K
  class space    used 4293K, capacity 4388K, committed 4392K, reserved 1048576K

Card table byte_map: [0x00000001155c0000,0x00000001159c1000] byte_map_base: 0x0000000111bc0000

Marking Bits: (ParMarkBitMap*) 0x0000000104a71d30
 Begin Bits: [0x0000000115c6c000, 0x0000000117c6c000)
 End Bits:   [0x0000000117c6c000, 0x0000000119c6c000)

Polling page: 0x000000010516a000

CodeCache: size=245760Kb used=12564Kb max_used=13710Kb free=233195Kb
 bounds [0x0000000106200000, 0x0000000106f90000, 0x0000000115200000]
 total_blobs=3734 nmethods=3291 adapters=355
 compilation: enabled

Compilation events (10 events):
Event: 53652.952 Thread 0x00007f8e29848000 3870       3       org.apache.catalina.session.ManagerBase::processExpires (196 bytes)
Event: 53652.955 Thread 0x00007f8e29848000 nmethod 3870 0x0000000106acd090 code [0x0000000106acd4c0, 0x0000000106acfc28]
Event: 60889.977 Thread 0x00007f8e29848000 3871 % !   3       org.apache.tomcat.util.net.NioBlockingSelector$BlockPoller::run @ 0 (394 bytes)
Event: 60889.994 Thread 0x00007f8e29848000 nmethod 3871% 0x0000000106650910 code [0x0000000106650fe0, 0x0000000106655a58]
Event: 60890.981 Thread 0x00007f8e29848000 3872 % !   3       org.apache.coyote.AbstractProtocol$AsyncTimeout::run @ 0 (102 bytes)
Event: 60890.984 Thread 0x00007f8e29848000 nmethod 3872% 0x00000001063b9590 code [0x00000001063b97a0, 0x00000001063ba198]
Event: 61918.023 Thread 0x00007f8e29848000 3873   !   3       org.apache.tomcat.util.net.NioBlockingSelector$BlockPoller::run (394 bytes)
Event: 61918.031 Thread 0x00007f8e29848000 nmethod 3873 0x00000001063c2850 code [0x00000001063c2f20, 0x00000001063c7818]
Event: 61919.027 Thread 0x00007f8e29848000 3874   !   3       org.apache.coyote.AbstractProtocol$AsyncTimeout::run (102 bytes)
Event: 61919.028 Thread 0x00007f8e29848000 nmethod 3874 0x00000001063589d0 code [0x0000000106358be0, 0x0000000106359598]

GC Heap History (10 events):
Event: 2.130 GC heap before
{Heap before GC invocations=6 (full 1):
 PSYoungGen      total 71680K, used 5088K [0x0000000795580000, 0x000000079eb80000, 0x00000007c0000000)
  eden space 66560K, 0% used [0x0000000795580000,0x0000000795580000,0x0000000799680000)
  from space 5120K, 99% used [0x0000000799680000,0x0000000799b78020,0x0000000799b80000)
  to   space 10240K, 0% used [0x000000079e180000,0x000000079e180000,0x000000079eb80000)
 ParOldGen       total 87552K, used 12102K [0x0000000740000000, 0x0000000745580000, 0x0000000795580000)
  object space 87552K, 13% used [0x0000000740000000,0x0000000740bd1828,0x0000000745580000)
 Metaspace       used 20866K, capacity 21134K, committed 21296K, reserved 1069056K
  class space    used 2563K, capacity 2662K, committed 2688K, reserved 1048576K
Event: 2.176 GC heap after
Heap after GC invocations=6 (full 1):
 PSYoungGen      total 71680K, used 0K [0x0000000795580000, 0x000000079eb80000, 0x00000007c0000000)
  eden space 66560K, 0% used [0x0000000795580000,0x0000000795580000,0x0000000799680000)
  from space 5120K, 0% used [0x0000000799680000,0x0000000799680000,0x0000000799b80000)
  to   space 10240K, 0% used [0x000000079e180000,0x000000079e180000,0x000000079eb80000)
 ParOldGen       total 67584K, used 11559K [0x0000000740000000, 0x0000000744200000, 0x0000000795580000)
  object space 67584K, 17% used [0x0000000740000000,0x0000000740b49df8,0x0000000744200000)
 Metaspace       used 20866K, capacity 21134K, committed 21296K, reserved 1069056K
  class space    used 2563K, capacity 2662K, committed 2688K, reserved 1048576K
}
Event: 2.874 GC heap before
{Heap before GC invocations=7 (full 1):
 PSYoungGen      total 71680K, used 66560K [0x0000000795580000, 0x000000079eb80000, 0x00000007c0000000)
  eden space 66560K, 100% used [0x0000000795580000,0x0000000799680000,0x0000000799680000)
  from space 5120K, 0% used [0x0000000799680000,0x0000000799680000,0x0000000799b80000)
  to   space 10240K, 0% used [0x000000079e180000,0x000000079e180000,0x000000079eb80000)
 ParOldGen       total 67584K, used 11559K [0x0000000740000000, 0x0000000744200000, 0x0000000795580000)
  object space 67584K, 17% used [0x0000000740000000,0x0000000740b49df8,0x0000000744200000)
 Metaspace       used 25585K, capacity 25862K, committed 26112K, reserved 1073152K
  class space    used 3132K, capacity 3210K, committed 3328K, reserved 1048576K
Event: 2.880 GC heap after
Heap after GC invocations=7 (full 1):
 PSYoungGen      total 103424K, used 6534K [0x0000000795580000, 0x000000079e800000, 0x00000007c0000000)
  eden space 96768K, 0% used [0x0000000795580000,0x0000000795580000,0x000000079b400000)
  from space 6656K, 98% used [0x000000079e180000,0x000000079e7e1950,0x000000079e800000)
  to   space 10240K, 0% used [0x000000079d400000,0x000000079d400000,0x000000079de00000)
 ParOldGen       total 67584K, used 11567K [0x0000000740000000, 0x0000000744200000, 0x0000000795580000)
  object space 67584K, 17% used [0x0000000740000000,0x0000000740b4bdf8,0x0000000744200000)
 Metaspace       used 25585K, capacity 25862K, committed 26112K, reserved 1073152K
  class space    used 3132K, capacity 3210K, committed 3328K, reserved 1048576K
}
Event: 3.639 GC heap before
{Heap before GC invocations=8 (full 1):
 PSYoungGen      total 103424K, used 103302K [0x0000000795580000, 0x000000079e800000, 0x00000007c0000000)
  eden space 96768K, 100% used [0x0000000795580000,0x000000079b400000,0x000000079b400000)
  from space 6656K, 98% used [0x000000079e180000,0x000000079e7e1950,0x000000079e800000)
  to   space 10240K, 0% used [0x000000079d400000,0x000000079d400000,0x000000079de00000)
 ParOldGen       total 67584K, used 11567K [0x0000000740000000, 0x0000000744200000, 0x0000000795580000)
  object space 67584K, 17% used [0x0000000740000000,0x0000000740b4bdf8,0x0000000744200000)
 Metaspace       used 27437K, capacity 27736K, committed 28032K, reserved 1073152K
  class space    used 3349K, capacity 3453K, committed 3456K, reserved 1048576K
Event: 3.650 GC heap after
Heap after GC invocations=8 (full 1):
 PSYoungGen      total 139776K, used 8004K [0x0000000795580000, 0x000000079f180000, 0x00000007c0000000)
  eden space 129536K, 0% used [0x0000000795580000,0x0000000795580000,0x000000079d400000)
  from space 10240K, 78% used [0x000000079d400000,0x000000079dbd1168,0x000000079de00000)
  to   space 10240K, 0% used [0x000000079e780000,0x000000079e780000,0x000000079f180000)
 ParOldGen       total 67584K, used 11575K [0x0000000740000000, 0x0000000744200000, 0x0000000795580000)
  object space 67584K, 17% used [0x0000000740000000,0x0000000740b4ddf8,0x0000000744200000)
 Metaspace       used 27437K, capacity 27736K, committed 28032K, reserved 1073152K
  class space    used 3349K, capacity 3453K, committed 3456K, reserved 1048576K
}
Event: 9.696 GC heap before
{Heap before GC invocations=9 (full 1):
 PSYoungGen      total 139776K, used 126916K [0x0000000795580000, 0x000000079f180000, 0x00000007c0000000)
  eden space 129536K, 91% used [0x0000000795580000,0x000000079c9a0000,0x000000079d400000)
  from space 10240K, 78% used [0x000000079d400000,0x000000079dbd1168,0x000000079de00000)
  to   space 10240K, 0% used [0x000000079e780000,0x000000079e780000,0x000000079f180000)
 ParOldGen       total 67584K, used 11575K [0x0000000740000000, 0x0000000744200000, 0x0000000795580000)
  object space 67584K, 17% used [0x0000000740000000,0x0000000740b4ddf8,0x0000000744200000)
 Metaspace       used 34990K, capacity 35310K, committed 35496K, reserved 1081344K
  class space    used 4124K, capacity 4226K, committed 4264K, reserved 1048576K
Event: 9.708 GC heap after
Heap after GC invocations=9 (full 1):
 PSYoungGen      total 146944K, used 10228K [0x0000000795580000, 0x00000007a1d00000, 0x00000007c0000000)
  eden space 136704K, 0% used [0x0000000795580000,0x0000000795580000,0x000000079db00000)
  from space 10240K, 99% used [0x000000079e780000,0x000000079f17d110,0x000000079f180000)
  to   space 12800K, 0% used [0x000000079db00000,0x000000079db00000,0x000000079e780000)
 ParOldGen       total 67584K, used 15465K [0x0000000740000000, 0x0000000744200000, 0x0000000795580000)
  object space 67584K, 22% used [0x0000000740000000,0x0000000740f1a5e0,0x0000000744200000)
 Metaspace       used 34990K, capacity 35310K, committed 35496K, reserved 1081344K
  class space    used 4124K, capacity 4226K, committed 4264K, reserved 1048576K
}
Event: 9.708 GC heap before
{Heap before GC invocations=10 (full 2):
 PSYoungGen      total 146944K, used 10228K [0x0000000795580000, 0x00000007a1d00000, 0x00000007c0000000)
  eden space 136704K, 0% used [0x0000000795580000,0x0000000795580000,0x000000079db00000)
  from space 10240K, 99% used [0x000000079e780000,0x000000079f17d110,0x000000079f180000)
  to   space 12800K, 0% used [0x000000079db00000,0x000000079db00000,0x000000079e780000)
 ParOldGen       total 67584K, used 15465K [0x0000000740000000, 0x0000000744200000, 0x0000000795580000)
  object space 67584K, 22% used [0x0000000740000000,0x0000000740f1a5e0,0x0000000744200000)
 Metaspace       used 34990K, capacity 35310K, committed 35496K, reserved 1081344K
  class space    used 4124K, capacity 4226K, committed 4264K, reserved 1048576K
Event: 9.763 GC heap after
Heap after GC invocations=10 (full 2):
 PSYoungGen      total 146944K, used 0K [0x0000000795580000, 0x00000007a1d00000, 0x00000007c0000000)
  eden space 136704K, 0% used [0x0000000795580000,0x0000000795580000,0x000000079db00000)
  from space 10240K, 0% used [0x000000079e780000,0x000000079e780000,0x000000079f180000)
  to   space 12800K, 0% used [0x000000079db00000,0x000000079db00000,0x000000079e780000)
 ParOldGen       total 104960K, used 21661K [0x0000000740000000, 0x0000000746680000, 0x0000000795580000)
  object space 104960K, 20% used [0x0000000740000000,0x0000000741527548,0x0000000746680000)
 Metaspace       used 34990K, capacity 35310K, committed 35496K, reserved 1081344K
  class space    used 4124K, capacity 4226K, committed 4264K, reserved 1048576K
}

Deoptimization events (10 events):
Event: 4.189 Thread 0x00007f8e2a002000 Uncommon trap: reason=bimorphic action=maybe_recompile pc=0x0000000106a800ec method=java.util.Hashtable.get(Ljava/lang/Object;)Ljava/lang/Object; @ 6
Event: 9.344 Thread 0x00007f8e2b4ae800 Uncommon trap: reason=class_check action=maybe_recompile pc=0x0000000106d76504 method=java.util.TreeMap.put(Ljava/lang/Object;Ljava/lang/Object;)Ljava/lang/Object; @ 127
Event: 9.353 Thread 0x00007f8e2b4ae800 Uncommon trap: reason=null_check action=make_not_entrant pc=0x0000000106e9d4dc method=org.springframework.core.annotation.AnnotatedElementUtils.searchWithFindSemantics(Ljava/lang/reflect/AnnotatedElement;Ljava/lang/Class;Ljava/lang/String;Ljava/lang/Class
Event: 9.361 Thread 0x00007f8e2b4ae800 Uncommon trap: reason=unstable_if action=reinterpret pc=0x0000000106c77f98 method=java.util.concurrent.ConcurrentHashMap.get(Ljava/lang/Object;)Ljava/lang/Object; @ 76
Event: 9.361 Thread 0x00007f8e2b4ae800 Uncommon trap: reason=bimorphic action=maybe_recompile pc=0x0000000106e1d1e0 method=java.util.concurrent.ConcurrentHashMap.putVal(Ljava/lang/Object;Ljava/lang/Object;Z)Ljava/lang/Object; @ 192
Event: 9.804 Thread 0x00007f8e2b4ae800 Uncommon trap: reason=class_check action=maybe_recompile pc=0x0000000106e47c1c method=sun.misc.URLClassPath.getLoader(I)Lsun/misc/URLClassPath$Loader; @ 94
Event: 9.981 Thread 0x00007f8e2b4ae800 Uncommon trap: reason=unstable_if action=reinterpret pc=0x0000000106ac8a50 method=sun.nio.cs.UTF_8$Decoder.decode([BII[C)I @ 30
Event: 10.016 Thread 0x00007f8e2b4ae800 Uncommon trap: reason=class_check action=maybe_recompile pc=0x0000000106e47c1c method=sun.misc.URLClassPath.getLoader(I)Lsun/misc/URLClassPath$Loader; @ 94
Event: 98456.972 Thread 0x00007f8e2c81f800 Uncommon trap: reason=bimorphic action=maybe_recompile pc=0x000000010630ee14 method=java.util.Hashtable.get(Ljava/lang/Object;)Ljava/lang/Object; @ 45
Event: 98457.221 Thread 0x00007f8e2c81f800 Uncommon trap: reason=bimorphic action=maybe_recompile pc=0x000000010630ee14 method=java.util.Hashtable.get(Ljava/lang/Object;)Ljava/lang/Object; @ 45

Internal exceptions (10 events):
Event: 9.320 Thread 0x00007f8e2b4ae800 Exception <a 'java/lang/ClassNotFoundException': org/springframework/web/servlet/ThemeResolverCustomizer> (0x000000079a680ed8) thrown at [/Users/java_re/workspace/8-2-build-macosx-x86_64/jdk8u112/7935/hotspot/src/share/vm/classfile/systemDictionary.cpp, l
Event: 9.324 Thread 0x00007f8e2b4ae800 Exception <a 'java/lang/ClassNotFoundException': java/lang/ObjectCustomizer> (0x000000079a69e6a0) thrown at [/Users/java_re/workspace/8-2-build-macosx-x86_64/jdk8u112/7935/hotspot/src/share/vm/classfile/systemDictionary.cpp, line 210]
Event: 9.325 Thread 0x00007f8e2b4ae800 Exception <a 'java/lang/ClassNotFoundException': org/springframework/web/servlet/view/DefaultRequestToViewNameTranslatorCustomizer> (0x000000079a6bb6b8) thrown at [/Users/java_re/workspace/8-2-build-macosx-x86_64/jdk8u112/7935/hotspot/src/share/vm/classfi
Event: 9.326 Thread 0x00007f8e2b4ae800 Exception <a 'java/lang/ClassNotFoundException': org/springframework/web/servlet/RequestToViewNameTranslatorCustomizer> (0x000000079a6e42b0) thrown at [/Users/java_re/workspace/8-2-build-macosx-x86_64/jdk8u112/7935/hotspot/src/share/vm/classfile/systemDic
Event: 9.330 Thread 0x00007f8e2b4ae800 Exception <a 'java/lang/ClassNotFoundException': java/lang/ObjectCustomizer> (0x000000079a719d60) thrown at [/Users/java_re/workspace/8-2-build-macosx-x86_64/jdk8u112/7935/hotspot/src/share/vm/classfile/systemDictionary.cpp, line 210]
Event: 9.331 Thread 0x00007f8e2b4ae800 Exception <a 'java/lang/ClassNotFoundException': org/springframework/web/servlet/support/AbstractFlashMapManagerCustomizer> (0x000000079a735390) thrown at [/Users/java_re/workspace/8-2-build-macosx-x86_64/jdk8u112/7935/hotspot/src/share/vm/classfile/syste
Event: 9.332 Thread 0x00007f8e2b4ae800 Exception <a 'java/lang/ClassNotFoundException': org/springframework/web/servlet/support/SessionFlashMapManagerCustomizer> (0x000000079a754828) thrown at [/Users/java_re/workspace/8-2-build-macosx-x86_64/jdk8u112/7935/hotspot/src/share/vm/classfile/system
Event: 9.333 Thread 0x00007f8e2b4ae800 Exception <a 'java/lang/ClassNotFoundException': org/springframework/web/servlet/FlashMapManagerCustomizer> (0x000000079a76b9d0) thrown at [/Users/java_re/workspace/8-2-build-macosx-x86_64/jdk8u112/7935/hotspot/src/share/vm/classfile/systemDictionary.cpp,
Event: 9.353 Thread 0x00007f8e2b4ae800 Implicit null exception at 0x0000000106e92ae1 to 0x0000000106e9d4b9
Event: 9.793 Thread 0x00007f8e2b4ae800 Exception <a 'java/lang/ArrayIndexOutOfBoundsException': 7419> (0x00000007956d2730) thrown at [/Users/java_re/workspace/8-2-build-macosx-x86_64/jdk8u112/7935/hotspot/src/share/vm/interpreter/interpreterRuntime.cpp, line 366]

Events (10 events):
Event: 98456.932 Thread 0x00007f8e2c81f800 Uncommon trap: trap_request=0xffffffc6 fr.pc=0x000000010630ee14
Event: 98457.000 Thread 0x00007f8e2c81f800 DEOPT PACKING pc=0x000000010630ee14 sp=0x0000700000f43660
Event: 98457.125 Thread 0x00007f8e2c81f800 DEOPT UNPACKING pc=0x0000000106205229 sp=0x0000700000f43610 mode 2
Event: 98457.221 Thread 0x00007f8e2c81f800 Uncommon trap: trap_request=0xffffffc6 fr.pc=0x000000010630ee14
Event: 98457.221 Thread 0x00007f8e2c81f800 DEOPT PACKING pc=0x000000010630ee14 sp=0x0000700000f43660
Event: 98457.222 Thread 0x00007f8e2c81f800 DEOPT UNPACKING pc=0x0000000106205229 sp=0x0000700000f43610 mode 2
Event: 98457.222 loading class sun/misc/Signal$1
Event: 98457.991 loading class sun/misc/Signal$1 done
Event: 98458.226 Thread 0x00007f8e2a24e000 Thread added: 0x00007f8e2a24e000
Event: 98458.303 loading class java/util/IdentityHashMap$KeySet


Dynamic libraries:
0x00000000093dd000 	/System/Library/Frameworks/Cocoa.framework/Versions/A/Cocoa
0x00000000093dd000 	/System/Library/Frameworks/Security.framework/Versions/A/Security
0x00000000093dd000 	/System/Library/Frameworks/ApplicationServices.framework/Versions/A/ApplicationServices
0x00000000093dd000 	/usr/lib/libz.1.dylib
0x00000000093dd000 	/usr/lib/libSystem.B.dylib
0x00000000093dd000 	/usr/lib/libobjc.A.dylib
0x00000000093dd000 	/System/Library/Frameworks/CoreFoundation.framework/Versions/A/CoreFoundation
0x00000000093dd000 	/System/Library/Frameworks/Foundation.framework/Versions/C/Foundation
0x00000000093dd000 	/System/Library/Frameworks/AppKit.framework/Versions/C/AppKit
0x00000000093dd000 	/System/Library/Frameworks/CoreData.framework/Versions/A/CoreData
0x00000000093dd000 	/System/Library/PrivateFrameworks/RemoteViewServices.framework/Versions/A/RemoteViewServices
0x00000000093dd000 	/System/Library/PrivateFrameworks/UIFoundation.framework/Versions/A/UIFoundation
0x00000000093dd000 	/usr/lib/libScreenReader.dylib
0x00000000093dd000 	/System/Library/Frameworks/Accelerate.framework/Versions/A/Accelerate
0x00000000093dd000 	/System/Library/Frameworks/IOSurface.framework/Versions/A/IOSurface
0x00000000093dd000 	/System/Library/Frameworks/AudioToolbox.framework/Versions/A/AudioToolbox
0x00000000093dd000 	/System/Library/Frameworks/AudioUnit.framework/Versions/A/AudioUnit
0x00000000093dd000 	/System/Library/PrivateFrameworks/DataDetectorsCore.framework/Versions/A/DataDetectorsCore
0x00000000093dd000 	/System/Library/PrivateFrameworks/DesktopServicesPriv.framework/Versions/A/DesktopServicesPriv
0x00000000093dd000 	/System/Library/Frameworks/Carbon.framework/Versions/A/Frameworks/HIToolbox.framework/Versions/A/HIToolbox
0x00000000093dd000 	/System/Library/Frameworks/QuartzCore.framework/Versions/A/QuartzCore
0x00000000093dd000 	/System/Library/Frameworks/Carbon.framework/Versions/A/Frameworks/SpeechRecognition.framework/Versions/A/SpeechRecognition
0x00000000093dd000 	/usr/lib/libauto.dylib
0x00000000093dd000 	/usr/lib/libicucore.A.dylib
0x00000000093dd000 	/usr/lib/libxml2.2.dylib
0x00000000093dd000 	/System/Library/PrivateFrameworks/CoreUI.framework/Versions/A/CoreUI
0x00000000093dd000 	/System/Library/Frameworks/CoreAudio.framework/Versions/A/CoreAudio
0x00000000093dd000 	/System/Library/Frameworks/DiskArbitration.framework/Versions/A/DiskArbitration
0x00000000093dd000 	/usr/lib/liblangid.dylib
0x00000000093dd000 	/System/Library/PrivateFrameworks/MultitouchSupport.framework/Versions/A/MultitouchSupport
0x00000000093dd000 	/System/Library/Frameworks/IOKit.framework/Versions/A/IOKit
0x00000000093dd000 	/usr/lib/libDiagnosticMessagesClient.dylib
0x00000000093dd000 	/System/Library/Frameworks/CoreServices.framework/Versions/A/CoreServices
0x00000000093dd000 	/System/Library/PrivateFrameworks/PerformanceAnalysis.framework/Versions/A/PerformanceAnalysis
0x00000000093dd000 	/System/Library/PrivateFrameworks/GenerationalStorage.framework/Versions/A/GenerationalStorage
0x00000000093dd000 	/System/Library/Frameworks/OpenGL.framework/Versions/A/OpenGL
0x00000000093dd000 	/System/Library/PrivateFrameworks/Sharing.framework/Versions/A/Sharing
0x00000000093dd000 	/System/Library/Frameworks/CoreGraphics.framework/Versions/A/CoreGraphics
0x00000000093dd000 	/System/Library/Frameworks/CoreImage.framework/Versions/A/CoreImage
0x00000000093dd000 	/System/Library/Frameworks/CoreText.framework/Versions/A/CoreText
0x00000000093dd000 	/System/Library/Frameworks/ImageIO.framework/Versions/A/ImageIO
0x00000000093dd000 	/System/Library/PrivateFrameworks/Backup.framework/Versions/A/Backup
0x00000000093dd000 	/usr/lib/libextension.dylib
0x00000000093dd000 	/usr/lib/libarchive.2.dylib
0x00000000093dd000 	/System/Library/Frameworks/CFNetwork.framework/Versions/A/CFNetwork
0x00000000093dd000 	/System/Library/Frameworks/SystemConfiguration.framework/Versions/A/SystemConfiguration
0x00000000093dd000 	/usr/lib/libCRFSuite.dylib
0x00000000093dd000 	/usr/lib/libc++.1.dylib
0x00000000093dd000 	/usr/lib/libc++abi.dylib
0x00000000093dd000 	/usr/lib/system/libcache.dylib
0x00000000093dd000 	/usr/lib/system/libcommonCrypto.dylib
0x00000000093dd000 	/usr/lib/system/libcompiler_rt.dylib
0x00000000093dd000 	/usr/lib/system/libcopyfile.dylib
0x00000000093dd000 	/usr/lib/system/libcorecrypto.dylib
0x00000000093dd000 	/usr/lib/system/libdispatch.dylib
0x00000000093dd000 	/usr/lib/system/libdyld.dylib
0x00000000093dd000 	/usr/lib/system/libkeymgr.dylib
0x00000000093dd000 	/usr/lib/system/liblaunch.dylib
0x00000000093dd000 	/usr/lib/system/libmacho.dylib
0x00000000093dd000 	/usr/lib/system/libquarantine.dylib
0x00000000093dd000 	/usr/lib/system/libremovefile.dylib
0x00000000093dd000 	/usr/lib/system/libsystem_asl.dylib
0x00000000093dd000 	/usr/lib/system/libsystem_blocks.dylib
0x00000000093dd000 	/usr/lib/system/libsystem_c.dylib
0x00000000093dd000 	/usr/lib/system/libsystem_configuration.dylib
0x00000000093dd000 	/usr/lib/system/libsystem_coreservices.dylib
0x00000000093dd000 	/usr/lib/system/libsystem_coretls.dylib
0x00000000093dd000 	/usr/lib/system/libsystem_dnssd.dylib
0x00000000093dd000 	/usr/lib/system/libsystem_info.dylib
0x00000000093dd000 	/usr/lib/system/libsystem_kernel.dylib
0x00000000093dd000 	/usr/lib/system/libsystem_m.dylib
0x00000000093dd000 	/usr/lib/system/libsystem_malloc.dylib
0x00000000093dd000 	/usr/lib/system/libsystem_network.dylib
0x00000000093dd000 	/usr/lib/system/libsystem_networkextension.dylib
0x00000000093dd000 	/usr/lib/system/libsystem_notify.dylib
0x00000000093dd000 	/usr/lib/system/libsystem_platform.dylib
0x00000000093dd000 	/usr/lib/system/libsystem_pthread.dylib
0x00000000093dd000 	/usr/lib/system/libsystem_sandbox.dylib
0x00000000093dd000 	/usr/lib/system/libsystem_secinit.dylib
0x00000000093dd000 	/usr/lib/system/libsystem_trace.dylib
0x00000000093dd000 	/usr/lib/system/libunc.dylib
0x00000000093dd000 	/usr/lib/system/libunwind.dylib
0x00000000093dd000 	/usr/lib/system/libxpc.dylib
0x00000000093dd000 	/usr/lib/libenergytrace.dylib
0x00000000093dd000 	/usr/lib/libbsm.0.dylib
0x00000000093dd000 	/usr/lib/system/libkxld.dylib
0x00000000093dd000 	/usr/lib/libxar.1.dylib
0x00000000093dd000 	/usr/lib/libsqlite3.dylib
0x00000000093dd000 	/usr/lib/libpam.2.dylib
0x00000000093dd000 	/usr/lib/libOpenScriptingUtil.dylib
0x00000000093dd000 	/usr/lib/libbz2.1.0.dylib
0x00000000093dd000 	/usr/lib/liblzma.5.dylib
0x00000000093dd000 	/System/Library/Frameworks/CoreServices.framework/Versions/A/Frameworks/FSEvents.framework/Versions/A/FSEvents
0x00000000093dd000 	/System/Library/Frameworks/CoreServices.framework/Versions/A/Frameworks/CarbonCore.framework/Versions/A/CarbonCore
0x00000000093dd000 	/System/Library/Frameworks/CoreServices.framework/Versions/A/Frameworks/Metadata.framework/Versions/A/Metadata
0x00000000093dd000 	/System/Library/Frameworks/CoreServices.framework/Versions/A/Frameworks/OSServices.framework/Versions/A/OSServices
0x00000000093dd000 	/System/Library/Frameworks/CoreServices.framework/Versions/A/Frameworks/SearchKit.framework/Versions/A/SearchKit
0x00000000093dd000 	/System/Library/Frameworks/CoreServices.framework/Versions/A/Frameworks/AE.framework/Versions/A/AE
0x00000000093dd000 	/System/Library/Frameworks/CoreServices.framework/Versions/A/Frameworks/LaunchServices.framework/Versions/A/LaunchServices
0x00000000093dd000 	/System/Library/Frameworks/CoreServices.framework/Versions/A/Frameworks/DictionaryServices.framework/Versions/A/DictionaryServices
0x00000000093dd000 	/System/Library/Frameworks/CoreServices.framework/Versions/A/Frameworks/SharedFileList.framework/Versions/A/SharedFileList
0x00000000093dd000 	/System/Library/Frameworks/NetFS.framework/Versions/A/NetFS
0x00000000093dd000 	/System/Library/PrivateFrameworks/NetAuth.framework/Versions/A/NetAuth
0x00000000093dd000 	/System/Library/PrivateFrameworks/login.framework/Versions/A/Frameworks/loginsupport.framework/Versions/A/loginsupport
0x00000000093dd000 	/System/Library/PrivateFrameworks/TCC.framework/Versions/A/TCC
0x00000000093dd000 	/usr/lib/libmecabra.dylib
0x00000000093dd000 	/System/Library/Frameworks/ApplicationServices.framework/Versions/A/Frameworks/ATS.framework/Versions/A/ATS
0x00000000093dd000 	/System/Library/Frameworks/ApplicationServices.framework/Versions/A/Frameworks/ColorSync.framework/Versions/A/ColorSync
0x00000000093dd000 	/System/Library/Frameworks/ApplicationServices.framework/Versions/A/Frameworks/HIServices.framework/Versions/A/HIServices
0x00000000093dd000 	/System/Library/Frameworks/ApplicationServices.framework/Versions/A/Frameworks/LangAnalysis.framework/Versions/A/LangAnalysis
0x00000000093dd000 	/System/Library/Frameworks/ApplicationServices.framework/Versions/A/Frameworks/PrintCore.framework/Versions/A/PrintCore
0x00000000093dd000 	/System/Library/Frameworks/ApplicationServices.framework/Versions/A/Frameworks/QD.framework/Versions/A/QD
0x00000000093dd000 	/System/Library/Frameworks/ApplicationServices.framework/Versions/A/Frameworks/SpeechSynthesis.framework/Versions/A/SpeechSynthesis
0x00000000093dd000 	/System/Library/Frameworks/Metal.framework/Versions/A/Metal
0x00000000093dd000 	/System/Library/Frameworks/Accelerate.framework/Versions/A/Frameworks/vImage.framework/Versions/A/vImage
0x00000000093dd000 	/System/Library/Frameworks/Accelerate.framework/Versions/A/Frameworks/vecLib.framework/Versions/A/vecLib
0x00000000093dd000 	/System/Library/Frameworks/Accelerate.framework/Versions/A/Frameworks/vecLib.framework/Versions/A/libvDSP.dylib
0x00000000093dd000 	/System/Library/Frameworks/Accelerate.framework/Versions/A/Frameworks/vecLib.framework/Versions/A/libvMisc.dylib
0x00000000093dd000 	/System/Library/Frameworks/Accelerate.framework/Versions/A/Frameworks/vecLib.framework/Versions/A/libLAPACK.dylib
0x00000000093dd000 	/System/Library/Frameworks/Accelerate.framework/Versions/A/Frameworks/vecLib.framework/Versions/A/libBLAS.dylib
0x00000000093dd000 	/System/Library/Frameworks/Accelerate.framework/Versions/A/Frameworks/vecLib.framework/Versions/A/libLinearAlgebra.dylib
0x00000000093dd000 	/System/Library/Frameworks/Accelerate.framework/Versions/A/Frameworks/vecLib.framework/Versions/A/libSparseBLAS.dylib
0x00000000093dd000 	/System/Library/PrivateFrameworks/GPUCompiler.framework/libmetal_timestamp.dylib
0x00000000093dd000 	/System/Library/Frameworks/OpenGL.framework/Versions/A/Libraries/libCoreFSCache.dylib
0x00000000093dd000 	/System/Library/PrivateFrameworks/IOAccelerator.framework/Versions/A/IOAccelerator
0x00000000093dd000 	/System/Library/Frameworks/ApplicationServices.framework/Versions/A/Frameworks/ATS.framework/Versions/A/Resources/libFontParser.dylib
0x00000000093dd000 	/System/Library/Frameworks/ApplicationServices.framework/Versions/A/Frameworks/ATS.framework/Versions/A/Resources/libFontRegistry.dylib
0x00000000093dd000 	/System/Library/PrivateFrameworks/AppleVPA.framework/Versions/A/AppleVPA
0x00000000093dd000 	/System/Library/PrivateFrameworks/AppleJPEG.framework/Versions/A/AppleJPEG
0x00000000093dd000 	/System/Library/Frameworks/ImageIO.framework/Versions/A/Resources/libJPEG.dylib
0x00000000093dd000 	/System/Library/Frameworks/ImageIO.framework/Versions/A/Resources/libTIFF.dylib
0x00000000093dd000 	/System/Library/Frameworks/ImageIO.framework/Versions/A/Resources/libPng.dylib
0x00000000093dd000 	/System/Library/Frameworks/ImageIO.framework/Versions/A/Resources/libGIF.dylib
0x00000000093dd000 	/System/Library/Frameworks/ImageIO.framework/Versions/A/Resources/libJP2.dylib
0x00000000093dd000 	/System/Library/Frameworks/ImageIO.framework/Versions/A/Resources/libRadiance.dylib
0x00000000093dd000 	/System/Library/Frameworks/CoreVideo.framework/Versions/A/CoreVideo
0x00000000093dd000 	/System/Library/Frameworks/OpenGL.framework/Versions/A/Libraries/libGLU.dylib
0x00000000093dd000 	/System/Library/Frameworks/OpenGL.framework/Versions/A/Libraries/libGFXShared.dylib
0x00000000093dd000 	/System/Library/Frameworks/OpenGL.framework/Versions/A/Libraries/libGL.dylib
0x00000000093dd000 	/System/Library/Frameworks/OpenGL.framework/Versions/A/Libraries/libGLImage.dylib
0x00000000093dd000 	/System/Library/Frameworks/OpenGL.framework/Versions/A/Libraries/libCVMSPluginSupport.dylib
0x00000000093dd000 	/System/Library/Frameworks/OpenGL.framework/Versions/A/Libraries/libCoreVMClient.dylib
0x00000000093dd000 	/usr/lib/libcups.2.dylib
0x00000000093dd000 	/System/Library/Frameworks/Kerberos.framework/Versions/A/Kerberos
0x00000000093dd000 	/System/Library/Frameworks/GSS.framework/Versions/A/GSS
0x00000000093dd000 	/usr/lib/libresolv.9.dylib
0x00000000093dd000 	/usr/lib/libiconv.2.dylib
0x00000000093dd000 	/System/Library/PrivateFrameworks/Heimdal.framework/Versions/A/Heimdal
0x00000000093dd000 	/usr/lib/libheimdal-asn1.dylib
0x00000000093dd000 	/System/Library/Frameworks/OpenDirectory.framework/Versions/A/OpenDirectory
0x00000000093dd000 	/System/Library/PrivateFrameworks/CommonAuth.framework/Versions/A/CommonAuth
0x00000000093dd000 	/System/Library/Frameworks/OpenDirectory.framework/Versions/A/Frameworks/CFOpenDirectory.framework/Versions/A/CFOpenDirectory
0x00000000093dd000 	/System/Library/Frameworks/SecurityFoundation.framework/Versions/A/SecurityFoundation
0x00000000093dd000 	/System/Library/PrivateFrameworks/LanguageModeling.framework/Versions/A/LanguageModeling
0x00000000093dd000 	/usr/lib/libmarisa.dylib
0x00000000093dd000 	/usr/lib/libChineseTokenizer.dylib
0x00000000093dd000 	/usr/lib/libcmph.dylib
0x00000000093dd000 	/usr/lib/libcompression.dylib
0x00000000093dd000 	/System/Library/Frameworks/ServiceManagement.framework/Versions/A/ServiceManagement
0x00000000093dd000 	/usr/lib/libxslt.1.dylib
0x00000000093dd000 	/System/Library/Frameworks/Carbon.framework/Versions/A/Frameworks/Ink.framework/Versions/A/Ink
0x00000000093dd000 	/usr/lib/libFosl_dynamic.dylib
0x00000000093dd000 	/System/Library/PrivateFrameworks/FaceCore.framework/Versions/A/FaceCore
0x00000000093dd000 	/System/Library/Frameworks/OpenCL.framework/Versions/A/OpenCL
0x00000000093dd000 	/System/Library/PrivateFrameworks/CrashReporterSupport.framework/Versions/A/CrashReporterSupport
0x00000000093dd000 	/System/Library/PrivateFrameworks/IconServices.framework/Versions/A/IconServices
0x00000000093dd000 	/System/Library/PrivateFrameworks/Apple80211.framework/Versions/A/Apple80211
0x00000000093dd000 	/System/Library/Frameworks/CoreWLAN.framework/Versions/A/CoreWLAN
0x00000000093dd000 	/System/Library/Frameworks/IOBluetooth.framework/Versions/A/IOBluetooth
0x00000000093dd000 	/System/Library/PrivateFrameworks/CoreWiFi.framework/Versions/A/CoreWiFi
0x00000000093dd000 	/System/Library/Frameworks/CoreBluetooth.framework/Versions/A/CoreBluetooth
0x00000000093dd000 	/System/Library/PrivateFrameworks/ChunkingLibrary.framework/Versions/A/ChunkingLibrary
0x00000000093dd000 	/System/Library/PrivateFrameworks/DebugSymbols.framework/Versions/A/DebugSymbols
0x00000000093dd000 	/System/Library/PrivateFrameworks/CoreSymbolication.framework/Versions/A/CoreSymbolication
0x00000000093dd000 	/System/Library/PrivateFrameworks/Symbolication.framework/Versions/A/Symbolication
0x00000000093dd000 	/System/Library/PrivateFrameworks/SpeechRecognitionCore.framework/Versions/A/SpeechRecognitionCore
0x0000000104181000 	/Library/Java/JavaVirtualMachines/jdk1.8.0_112.jdk/Contents/Home/jre/lib/server/libjvm.dylib
0x00000000093dd000 	/usr/lib/libstdc++.6.dylib
0x0000000105127000 	/Library/Java/JavaVirtualMachines/jdk1.8.0_112.jdk/Contents/Home/jre/lib/libverify.dylib
0x0000000105135000 	/Library/Java/JavaVirtualMachines/jdk1.8.0_112.jdk/Contents/Home/jre/lib/libjava.dylib
0x0000000105174000 	/Library/Java/JavaVirtualMachines/jdk1.8.0_112.jdk/Contents/Home/jre/lib/libzip.dylib
0x000000011c772000 	/System/Library/Frameworks/JavaVM.framework/Frameworks/JavaRuntimeSupport.framework/JavaRuntimeSupport
0x000000011c78d000 	/System/Library/Frameworks/JavaVM.framework/Versions/A/Frameworks/JavaNativeFoundation.framework/Versions/A/JavaNativeFoundation
0x00000001051ee000 	/System/Library/Frameworks/JavaVM.framework/Versions/A/JavaVM
0x00000000093dd000 	/System/Library/Frameworks/Carbon.framework/Versions/A/Carbon
0x000000011c7a2000 	/System/Library/PrivateFrameworks/JavaLaunching.framework/Versions/A/JavaLaunching
0x00000000093dd000 	/System/Library/Frameworks/Carbon.framework/Versions/A/Frameworks/CommonPanels.framework/Versions/A/CommonPanels
0x00000000093dd000 	/System/Library/Frameworks/Carbon.framework/Versions/A/Frameworks/Help.framework/Versions/A/Help
0x00000000093dd000 	/System/Library/Frameworks/Carbon.framework/Versions/A/Frameworks/ImageCapture.framework/Versions/A/ImageCapture
0x00000000093dd000 	/System/Library/Frameworks/Carbon.framework/Versions/A/Frameworks/OpenScripting.framework/Versions/A/OpenScripting
0x00000000093dd000 	/System/Library/Frameworks/Carbon.framework/Versions/A/Frameworks/Print.framework/Versions/A/Print
0x00000000093dd000 	/System/Library/Frameworks/Carbon.framework/Versions/A/Frameworks/SecurityHI.framework/Versions/A/SecurityHI
0x000000011e35f000 	/Applications/IntelliJ IDEA.app/Contents/bin/libbreakgen64.jnilib
0x000000011e362000 	/Library/Java/JavaVirtualMachines/jdk1.8.0_112.jdk/Contents/Home/jre/lib/libnet.dylib
0x000000011e3c1000 	/Library/Java/JavaVirtualMachines/jdk1.8.0_112.jdk/Contents/Home/jre/lib/libmanagement.dylib
0x000000011e3f5000 	/Library/Java/JavaVirtualMachines/jdk1.8.0_112.jdk/Contents/Home/jre/lib/libnio.dylib

VM Arguments:
jvm_args: -Dspring.output.ansi.enabled=always -Didea.launcher.port=7535 -Didea.launcher.bin.path=/Applications/IntelliJ IDEA.app/Contents/bin -Dfile.encoding=UTF-8 
java_command: com.intellij.rt.execution.application.AppMain springBootApp.Application
java_class_path (initial): /Library/Java/JavaVirtualMachines/jdk1.8.0_112.jdk/Contents/Home/jre/lib/charsets.jar:/Library/Java/JavaVirtualMachines/jdk1.8.0_112.jdk/Contents/Home/jre/lib/deploy.jar:/Library/Java/JavaVirtualMachines/jdk1.8.0_112.jdk/Contents/Home/jre/lib/ext/cldrdata.jar:/Library/Java/JavaVirtualMachines/jdk1.8.0_112.jdk/Contents/Home/jre/lib/ext/dnsns.jar:/Library/Java/JavaVirtualMachines/jdk1.8.0_112.jdk/Contents/Home/jre/lib/ext/jaccess.jar:/Library/Java/JavaVirtualMachines/jdk1.8.0_112.jdk/Contents/Home/jre/lib/ext/jfxrt.jar:/Library/Java/JavaVirtualMachines/jdk1.8.0_112.jdk/Contents/Home/jre/lib/ext/localedata.jar:/Library/Java/JavaVirtualMachines/jdk1.8.0_112.jdk/Contents/Home/jre/lib/ext/nashorn.jar:/Library/Java/JavaVirtualMachines/jdk1.8.0_112.jdk/Contents/Home/jre/lib/ext/sunec.jar:/Library/Java/JavaVirtualMachines/jdk1.8.0_112.jdk/Contents/Home/jre/lib/ext/sunjce_provider.jar:/Library/Java/JavaVirtualMachines/jdk1.8.0_112.jdk/Contents/Home/jre/lib/ext/sunpkcs11.jar:/Library/Java/JavaVirtualMachines/jdk1.8.0_112.jdk/Contents/Home/jre/lib/ext/zipfs.jar:/Library/Java/JavaVirtualMachines/jdk1.8.0_112.jdk/Contents/Home/jre/lib/javaws.jar:/Library/Java/JavaVirtualMachines/jdk1.8.0_112.jdk/Contents/Home/jre/lib/jce.jar:/Library/Java/JavaVirtualMachines/jdk1.8.0_112.jdk/Contents/Home/jre/lib/jfr.jar:/Library/Java/JavaVirtualMachines/jdk1.8.0_112.jdk/Contents/Home/jre/lib/jfxswt.jar:/Library/Java/JavaVirtualMachines/jdk1.8.0_112.jdk/Contents/Home/jre/lib/jsse.jar:/Library/Java/JavaVirtualMachines/jdk1.8.0_112.jdk/Contents/Home/jre/lib/management-agent.jar:/Library/Java/JavaVirtualMachines/jdk1.8.0_112.jdk/Contents/Home/jre/lib/plugin.jar:/Library/Java/JavaVirtualMachines/jdk1.8.0_112.jdk/Contents/Home/jre/lib/resources.jar:/Library/Java/JavaVirtualMachines/jdk1.8.0_112.jdk/Contents/Home/jre/lib/rt.jar:/Library/Java/JavaVirtualMachines/jdk1.8.0_112.jdk/Contents/Home/lib/ant-javafx.jar:/Library/Java/JavaVirtualMachines/jdk1.8.0_112.jdk/Contents/Home
Launcher Type: SUN_STANDARD

Environment Variables:
PATH=/usr/bin:/bin:/usr/sbin:/sbin:/usr/local/bin
SHELL=/bin/bash

Signal Handlers:
SIGSEGV: [libjvm.dylib+0x5b11a5], sa_mask[0]=11111111011111110111111111111111, sa_flags=SA_ONSTACK|SA_RESTART|SA_SIGINFO
SIGBUS: [libjvm.dylib+0x5b11a5], sa_mask[0]=11111111011111110111111111111111, sa_flags=SA_RESTART|SA_SIGINFO
SIGFPE: [libjvm.dylib+0x487dc0], sa_mask[0]=11111111011111110111111111111111, sa_flags=SA_RESTART|SA_SIGINFO
SIGPIPE: [libjvm.dylib+0x487dc0], sa_mask[0]=11111111011111110111111111111111, sa_flags=SA_RESTART|SA_SIGINFO
SIGXFSZ: [libjvm.dylib+0x487dc0], sa_mask[0]=11111111011111110111111111111111, sa_flags=SA_RESTART|SA_SIGINFO
SIGILL: [libjvm.dylib+0x487dc0], sa_mask[0]=11111111011111110111111111111111, sa_flags=SA_RESTART|SA_SIGINFO
SIGUSR1: SIG_DFL, sa_mask[0]=00000000000000000000000000000000, sa_flags=none
SIGUSR2: [libjvm.dylib+0x4878de], sa_mask[0]=00100000000000000000000000000000, sa_flags=SA_RESTART|SA_SIGINFO
SIGHUP: [libjvm.dylib+0x485eb5], sa_mask[0]=11111111011111110111111111111111, sa_flags=SA_RESTART|SA_SIGINFO
SIGINT: [libjvm.dylib+0x485eb5], sa_mask[0]=11111111011111110111111111111111, sa_flags=SA_RESTART|SA_SIGINFO
SIGTERM: [libjvm.dylib+0x485eb5], sa_mask[0]=11111111011111110111111111111111, sa_flags=SA_RESTART|SA_SIGINFO
SIGQUIT: [libjvm.dylib+0x485eb5], sa_mask[0]=11111111011111110111111111111111, sa_flags=SA_RESTART|SA_SIGINFO


---------------  S Y S T E M  ---------------

OS:Bsduname:Darwin 15.3.0 Darwin Kernel Version 15.3.0: Thu Dec 10 18:40:58 PST 2015; root:xnu-3248.30.4~1/RELEASE_X86_64 x86_64
rlimit: STACK 8192k, CORE 0k, NPROC 709, NOFILE 10240, AS infinity
load average:2.83 3.22 3.65

CPU:total 8 (4 cores per cpu, 2 threads per core) family 6 model 42 stepping 7, cmov, cx8, fxsr, mmx, sse, sse2, sse3, ssse3, sse4.1, sse4.2, popcnt, avx, aes, clmul, ht, tsc, tscinvbit

Memory: 4k page, physical 8388608k(24480k free)

/proc/meminfo:


vm_info: Java HotSpot(TM) 64-Bit Server VM (25.112-b16) for bsd-amd64 JRE (1.8.0_112-b16), built on Sep 30 2016 22:41:41 by "java_re" with gcc 4.2.1 (Based on Apple Inc. build 5658) (LLVM build 2336.11.00)

time: Mon Dec 12 13:24:49 2016
elapsed time: 98472 seconds (1d 3h 21m 12s)

